<?xml version="1.0" encoding="UTF-8"?>
<!-- Generated by org.testng.reporters.JUnitXMLReporter -->
<testsuite hostname="DNY15175" ignored="0" name="Construct App Smoke Test" tests="15" failures="0" timestamp="27 Sep 2021 08:02:22 GMT" time="1.327" errors="0">
  <testcase name="@BeforeClass launchApp" time="0.053" classname="com.construtcapp.runners.SmokeRunner">
    <failure type="java.lang.NullPointerException">
      <![CDATA[java.lang.NullPointerException
	at com.constructapp.base.DriverFactory.setDeviceCapabilities(DriverFactory.java:65)
	at com.constructapp.base.DriverFactory.launchApp(DriverFactory.java:44)
	at com.construtcapp.runners.SmokeRunner.launchApp(SmokeRunner.java:66)
... Removed 25 stack frames]]>
    </failure>
  </testcase> <!-- @BeforeClass launchApp -->
  <testcase name="@AfterClass setup" time="0.0" classname="com.construtcapp.runners.SmokeRunner">
    <skipped/>
  </testcase> <!-- @AfterClass setup -->
  <testcase name="feature" time="0.0" classname="cucumber.api.testng.AbstractTestNGCucumberTests">
    <skipped/>
  </testcase> <!-- feature -->
  <testcase name="feature" time="0.0" classname="cucumber.api.testng.AbstractTestNGCucumberTests">
    <skipped/>
  </testcase> <!-- feature -->
  <testcase name="feature" time="0.0" classname="cucumber.api.testng.AbstractTestNGCucumberTests">
    <skipped/>
  </testcase> <!-- feature -->
  <testcase name="feature" time="0.0" classname="cucumber.api.testng.AbstractTestNGCucumberTests">
    <skipped/>
  </testcase> <!-- feature -->
  <testcase name="feature" time="0.0" classname="cucumber.api.testng.AbstractTestNGCucumberTests">
    <skipped/>
  </testcase> <!-- feature -->
  <testcase name="feature" time="0.0" classname="cucumber.api.testng.AbstractTestNGCucumberTests">
    <skipped/>
  </testcase> <!-- feature -->
  <testcase name="feature" time="0.0" classname="cucumber.api.testng.AbstractTestNGCucumberTests">
    <skipped/>
  </testcase> <!-- feature -->
  <testcase name="feature" time="0.0" classname="cucumber.api.testng.AbstractTestNGCucumberTests">
    <skipped/>
  </testcase> <!-- feature -->
  <testcase name="feature" time="0.0" classname="cucumber.api.testng.AbstractTestNGCucumberTests">
    <skipped/>
  </testcase> <!-- feature -->
  <testcase name="feature" time="0.0" classname="cucumber.api.testng.AbstractTestNGCucumberTests">
    <skipped/>
  </testcase> <!-- feature -->
  <testcase name="feature" time="0.0" classname="cucumber.api.testng.AbstractTestNGCucumberTests">
    <skipped/>
  </testcase> <!-- feature -->
  <testcase name="feature" time="0.0" classname="cucumber.api.testng.AbstractTestNGCucumberTests">
    <skipped/>
  </testcase> <!-- feature -->
  <testcase name="feature" time="0.0" classname="cucumber.api.testng.AbstractTestNGCucumberTests">
    <skipped/>
  </testcase> <!-- feature -->
  <testcase name="feature" time="0.0" classname="cucumber.api.testng.AbstractTestNGCucumberTests">
    <skipped/>
  </testcase> <!-- feature -->
  <testcase name="feature" time="0.0" classname="cucumber.api.testng.AbstractTestNGCucumberTests">
    <skipped/>
  </testcase> <!-- feature -->
</testsuite> <!-- Construct App Smoke Test -->
